<?xml version="1.0" encoding="UTF-8"?>
<testng-results ignored="0" total="1" passed="1" failed="0" skipped="0">
  <reporter-output>
  </reporter-output>
  <suite started-at="2022-07-26T01:45:25 IST" name="Surefire suite" finished-at="2022-07-26T01:45:26 IST" duration-ms="83">
    <groups>
    </groups>
    <test started-at="2022-07-26T01:45:25 IST" name="Surefire test" finished-at="2022-07-26T01:45:26 IST" duration-ms="83">
      <class name="MavenTest.MavenFirst.SeleniumTest">
        <test-method signature="BrowserAutomation()[pri:0, instance:MavenTest.MavenFirst.SeleniumTest@1165b38]" started-at="2022-07-26T01:45:26 IST" name="BrowserAutomation" finished-at="2022-07-26T01:45:26 IST" duration-ms="6" status="PASS">
          <reporter-output>
          </reporter-output>
        </test-method> <!-- BrowserAutomation -->
      </class> <!-- MavenTest.MavenFirst.SeleniumTest -->
    </test> <!-- Surefire test -->
  </suite> <!-- Surefire suite -->
</testng-results>
