<?xml version="1.0" encoding="UTF-8"?>
<testng-results ignored="0" total="1" passed="1" failed="0" skipped="0">
  <reporter-output>
  </reporter-output>
  <suite started-at="2022-07-26T01:47:33 IST" name="Default suite" finished-at="2022-07-26T01:47:33 IST" duration-ms="98">
    <groups>
    </groups>
    <test started-at="2022-07-26T01:47:33 IST" name="Default test" finished-at="2022-07-26T01:47:33 IST" duration-ms="98">
      <class name="MavenTest.MavenFirst.SeleniumTest">
        <test-method signature="BrowserAutomation()[pri:0, instance:MavenTest.MavenFirst.SeleniumTest@3e84448c]" started-at="2022-07-26T01:47:33 IST" name="BrowserAutomation" finished-at="2022-07-26T01:47:33 IST" duration-ms="16" status="PASS">
          <reporter-output>
          </reporter-output>
        </test-method> <!-- BrowserAutomation -->
      </class> <!-- MavenTest.MavenFirst.SeleniumTest -->
    </test> <!-- Default test -->
  </suite> <!-- Default suite -->
</testng-results>
